<?xml version="1.0" encoding="UTF-8"?>
<!-- Generated by org.testng.reporters.JUnitXMLReporter -->
<testsuite hostname="Praveens-MacBook-Air.local" ignored="6" name="Default test" tests="1" failures="0" timestamp="2022-09-09T19:16:34 IST" time="6.218" errors="0">
  <testcase name="HashMapExample_printtheOcuuranceOfPoori_test" time="0.741" classname="Popups.ClassListBoxExample"/>
  <testcase name="PrinttheDUPLICATEItem_intheList_HashSet_test" time="0.0" classname="Popups.ClassListBoxExample">
    <ignored/>
  </testcase> <!-- PrinttheDUPLICATEItem_intheList_HashSet_test -->
  <testcase name="checklisthasDUPLICATEvalues_HashSet_test" time="0.0" classname="Popups.ClassListBoxExample">
    <ignored/>
  </testcase> <!-- checklisthasDUPLICATEvalues_HashSet_test -->
  <testcase name="printUniqueElementinthelistbox_test" time="0.0" classname="Popups.ClassListBoxExample">
    <ignored/>
  </testcase> <!-- printUniqueElementinthelistbox_test -->
  <testcase name="printUniqueElement_Sorted_test" time="0.0" classname="Popups.ClassListBoxExample">
    <ignored/>
  </testcase> <!-- printUniqueElement_Sorted_test -->
  <testcase name="printListValues_SortedOrder_Test" time="0.0" classname="Popups.ClassListBoxExample">
    <ignored/>
  </testcase> <!-- printListValues_SortedOrder_Test -->
  <testcase name="classListBox_Test" time="0.0" classname="Popups.ClassListBoxExample">
    <ignored/>
  </testcase> <!-- classListBox_Test -->
</testsuite> <!-- Default test -->
