<?xml version="1.0" encoding="UTF-8"?>
<testng-results skipped="0" failed="0" ignored="6" total="7" passed="1">
  <reporter-output>
  </reporter-output>
  <suite name="Default suite" duration-ms="6218" started-at="2022-09-09T19:16:27 IST" finished-at="2022-09-09T19:16:34 IST">
    <groups>
    </groups>
    <test name="Default test" duration-ms="6218" started-at="2022-09-09T19:16:27 IST" finished-at="2022-09-09T19:16:34 IST">
      <class name="Popups.ClassListBoxExample">
        <test-method status="PASS" signature="launch_Browser()[pri:0, instance:Popups.ClassListBoxExample@c81cdd1]" name="launch_Browser" is-config="true" duration-ms="5432" started-at="2022-09-09T19:16:27 IST" finished-at="2022-09-09T19:16:33 IST">
          <reporter-output>
          </reporter-output>
        </test-method> <!-- launch_Browser -->
        <test-method status="PASS" signature="HashMapExample_printtheOcuuranceOfPoori_test()[pri:0, instance:Popups.ClassListBoxExample@c81cdd1]" name="HashMapExample_printtheOcuuranceOfPoori_test" duration-ms="741" started-at="2022-09-09T19:16:33 IST" finished-at="2022-09-09T19:16:34 IST">
          <reporter-output>
          </reporter-output>
        </test-method> <!-- HashMapExample_printtheOcuuranceOfPoori_test -->
      </class> <!-- Popups.ClassListBoxExample -->
    </test> <!-- Default test -->
  </suite> <!-- Default suite -->
</testng-results>
